<?xml version="1.0" encoding="utf-8"?><testsuites><testsuite name="pytest" errors="1" failures="0" skipped="0" tests="1" time="0.889" timestamp="2026-04-24T11:47:35.059964" hostname="DESKTOP-697RQ85"><testcase classname="" name="backend.tests.test_models" time="0.000"><error message="collection failure">ImportError while importing test module 'D:\college projects\SE_software_engineering\pharmatrack-monorepo\backend\tests\test_models.py'.
Hint: make sure your test modules/packages have valid Python names.
Traceback:
C:\python\Lib\importlib\__init__.py:126: in import_module
    return _bootstrap._gcd_import(name[level:], package, level)
backend\tests\test_models.py:9: in &lt;module&gt;
    from backend.models import Base, Item, TrackingLog, ItemStatus, ItemType
E   ModuleNotFoundError: No module named 'backend'</error></testcase></testsuite></testsuites>